<?xml version="1.0" encoding="UTF-8"?>
<!-- Generated by org.testng.reporters.JUnitReportReporter -->
<testsuite skipped="0" hostname="somashekarviloh" name="Repository.Test_Execution" tests="3" failures="0" timestamp="24 May 2018 11:51:29 GMT" time="38.160" errors="0">
  <testcase name="verify_login" time="3.583" classname="Repository.Test_Execution"/>
  <testcase name="verify_login" time="3.625" classname="Repository.Test_Execution"/>
  <testcase name="verify_table" time="30.952" classname="Repository.Test_Execution"/>
</testsuite> <!-- Repository.Test_Execution -->
